<?xml version="1.0" encoding="UTF-8"?>
<testng-results ignored="0" total="4" passed="4" failed="0" skipped="0">
  <reporter-output>
  </reporter-output>
  <suite started-at="2021-05-04T11:40:46Z" name="Default suite" finished-at="2021-05-04T11:40:46Z" duration-ms="27">
    <groups>
    </groups>
    <test started-at="2021-05-04T11:40:46Z" name="Default test" finished-at="2021-05-04T11:40:46Z" duration-ms="27">
      <class name="com.qa.test.DemoTest">
        <test-method signature="div()[pri:0, instance:com.qa.test.DemoTest@6d026701]" started-at="2021-05-04T11:40:46Z" name="div" finished-at="2021-05-04T11:40:46Z" duration-ms="7" status="PASS">
          <reporter-output>
          </reporter-output>
        </test-method> <!-- div -->
        <test-method signature="mul()[pri:0, instance:com.qa.test.DemoTest@6d026701]" started-at="2021-05-04T11:40:46Z" name="mul" finished-at="2021-05-04T11:40:46Z" duration-ms="1" status="PASS">
          <reporter-output>
          </reporter-output>
        </test-method> <!-- mul -->
        <test-method signature="sub()[pri:0, instance:com.qa.test.DemoTest@6d026701]" started-at="2021-05-04T11:40:46Z" name="sub" finished-at="2021-05-04T11:40:46Z" duration-ms="1" status="PASS">
          <reporter-output>
          </reporter-output>
        </test-method> <!-- sub -->
        <test-method signature="sum()[pri:0, instance:com.qa.test.DemoTest@6d026701]" started-at="2021-05-04T11:40:46Z" name="sum" finished-at="2021-05-04T11:40:46Z" duration-ms="1" status="PASS">
          <reporter-output>
          </reporter-output>
        </test-method> <!-- sum -->
      </class> <!-- com.qa.test.DemoTest -->
    </test> <!-- Default test -->
  </suite> <!-- Default suite -->
</testng-results>
